-------------------------------------------------------------------------------
Test set: runners.apply_goods_licence_scenario003_run001_IT
-------------------------------------------------------------------------------
Tests run: 1, Failures: 0, Errors: 1, Skipped: 0, Time elapsed: 0.027 s <<< FAILURE! - in runners.apply_goods_licence_scenario003_run001_IT
Feature: Apply for a goods licence  Time elapsed: 0.017 s  <<< ERROR!
activesupport.MissingRequiredArgument: [39m[[m[31mERROR[m[39m][m [39menv is required and must be set either at runtime or as a system variable[m

